<?xml version="1.0" encoding="UTF-8"?>
<!-- Generated by org.testng.reporters.JUnitReportReporter -->
<testsuite hostname="TCLIN53" failures="0" tests="3" name="BookingInquiryPackage.BookingInquiry" time="73.496" errors="0" timestamp="2023-05-05T17:01:17 IST" skipped="0">
  <testcase classname="BookingInquiryPackage.BookingInquiry" name="login" time="22.574"/>
  <system-out/>
  <testcase classname="BookingInquiryPackage.BookingInquiry" name="Booking" time="38.530"/>
  <system-out/>
  <testcase classname="BookingInquiryPackage.BookingInquiry" name="Location" time="12.392"/>
  <system-out/>
</testsuite> <!-- BookingInquiryPackage.BookingInquiry -->
